Compilation failed:
    source file: '/home/lefti/workplace/build_js/CMakeFiles/CMakeTmp/src.cxx'
    check option: ' -fsigned-char -W -Wall -Werror=return-type -Werror=non-virtual-dtor -Werror=address -Werror=sequence-point -Wformat -Werror=format-security -Wmissing-declarations -Wmissing-prototypes -Wstrict-prototypes -Wundef -Winit-self -Wpointer-arith -Wshadow -Wsign-promo -Wuninitialized -Winit-self -Winconsistent-missing-override -Wno-narrowing -Wno-delete-non-virtual-dtor -Wno-unnamed-type-template-args -Wno-comment -Wno-implicit-fallthrough -fdiagnostics-show-option -pthread -Qunused-arguments -ffunction-sections -fdata-sections   -mfpmath=387'
===== BUILD LOG =====
Change Dir: /home/lefti/workplace/build_js/CMakeFiles/CMakeTmp

Run Build Command:"/usr/bin/make" "cmTC_ea48c/fast"
/usr/bin/make -f CMakeFiles/cmTC_ea48c.dir/build.make CMakeFiles/cmTC_ea48c.dir/build
make[1]: 디렉터리 '/home/lefti/workplace/build_js/CMakeFiles/CMakeTmp' 들어감
Building CXX object CMakeFiles/cmTC_ea48c.dir/src.cxx.o
/home/lefti/workplace/emsdk/emscripten/1.37.37/em++     -DNDEBUG -O2 -fPIE   -fsigned-char -W -Wall -Werror=return-type -Werror=non-virtual-dtor -Werror=address -Werror=sequence-point -Wformat -Werror=format-security -Wmissing-declarations -Wmissing-prototypes -Wstrict-prototypes -Wundef -Winit-self -Wpointer-arith -Wshadow -Wsign-promo -Wuninitialized -Winit-self -Winconsistent-missing-override -Wno-narrowing -Wno-delete-non-virtual-dtor -Wno-unnamed-type-template-args -Wno-comment -Wno-implicit-fallthrough -fdiagnostics-show-option -pthread -Qunused-arguments -ffunction-sections -fdata-sections -mfpmath=387 -o CMakeFiles/cmTC_ea48c.dir/src.cxx.o -c /home/lefti/workplace/build_js/CMakeFiles/CMakeTmp/src.cxx
error: unknown FP unit '387'
ERROR:root:compiler frontend failed to generate LLVM bitcode, halting
CMakeFiles/cmTC_ea48c.dir/build.make:65: 'CMakeFiles/cmTC_ea48c.dir/src.cxx.o' 타겟에 대한 명령이 실패했습니다
make[1]: *** [CMakeFiles/cmTC_ea48c.dir/src.cxx.o] 오류 1
make[1]: 디렉터리 '/home/lefti/workplace/build_js/CMakeFiles/CMakeTmp' 나감
Makefile:126: 'cmTC_ea48c/fast' 타겟에 대한 명령이 실패했습니다
make: *** [cmTC_ea48c/fast] 오류 2

===== END =====

Compilation failed:
    source file: '/home/lefti/workplace/build_js/CMakeFiles/CMakeTmp/src.c'
    check option: ' -fsigned-char -W -Wall -Werror=return-type -Werror=non-virtual-dtor -Werror=address -Werror=sequence-point -Wformat -Werror=format-security -Wmissing-declarations -Wmissing-prototypes -Wstrict-prototypes -Wundef -Winit-self -Wpointer-arith -Wshadow -Wsign-promo -Wuninitialized -Winit-self -Winconsistent-missing-override -Wno-narrowing -Wno-delete-non-virtual-dtor -Wno-unnamed-type-template-args -Wno-comment -Wno-implicit-fallthrough -fdiagnostics-show-option -pthread -Qunused-arguments -ffunction-sections -fdata-sections   -mfpmath=387'
===== BUILD LOG =====
Change Dir: /home/lefti/workplace/build_js/CMakeFiles/CMakeTmp

Run Build Command:"/usr/bin/make" "cmTC_fad9b/fast"
/usr/bin/make -f CMakeFiles/cmTC_fad9b.dir/build.make CMakeFiles/cmTC_fad9b.dir/build
make[1]: 디렉터리 '/home/lefti/workplace/build_js/CMakeFiles/CMakeTmp' 들어감
Building C object CMakeFiles/cmTC_fad9b.dir/src.c.o
/home/lefti/workplace/emsdk/emscripten/1.37.37/emcc    -DNDEBUG -O2 -fPIE   -fsigned-char -W -Wall -Werror=return-type -Werror=non-virtual-dtor -Werror=address -Werror=sequence-point -Wformat -Werror=format-security -Wmissing-declarations -Wmissing-prototypes -Wstrict-prototypes -Wundef -Winit-self -Wpointer-arith -Wshadow -Wsign-promo -Wuninitialized -Winit-self -Winconsistent-missing-override -Wno-narrowing -Wno-delete-non-virtual-dtor -Wno-unnamed-type-template-args -Wno-comment -Wno-implicit-fallthrough -fdiagnostics-show-option -pthread -Qunused-arguments -ffunction-sections -fdata-sections -mfpmath=387 -o CMakeFiles/cmTC_fad9b.dir/src.c.o   -c /home/lefti/workplace/build_js/CMakeFiles/CMakeTmp/src.c
error: unknown FP unit '387'
ERROR:root:compiler frontend failed to generate LLVM bitcode, halting
CMakeFiles/cmTC_fad9b.dir/build.make:65: 'CMakeFiles/cmTC_fad9b.dir/src.c.o' 타겟에 대한 명령이 실패했습니다
make[1]: *** [CMakeFiles/cmTC_fad9b.dir/src.c.o] 오류 1
make[1]: 디렉터리 '/home/lefti/workplace/build_js/CMakeFiles/CMakeTmp' 나감
Makefile:126: 'cmTC_fad9b/fast' 타겟에 대한 명령이 실패했습니다
make: *** [cmTC_fad9b/fast] 오류 2

===== END =====

Determining size of off64_t failed with the following output:
Change Dir: /home/lefti/workplace/build_js/CMakeFiles/CMakeTmp

Run Build Command:"/usr/bin/make" "cmTC_4b514/fast"
/usr/bin/make -f CMakeFiles/cmTC_4b514.dir/build.make CMakeFiles/cmTC_4b514.dir/build
make[1]: 디렉터리 '/home/lefti/workplace/build_js/CMakeFiles/CMakeTmp' 들어감
Building C object CMakeFiles/cmTC_4b514.dir/OFF64_T.c.o
/home/lefti/workplace/emsdk/emscripten/1.37.37/emcc    -fsigned-char -W -Wall -Werror=return-type -Werror=non-virtual-dtor -Werror=address -Werror=sequence-point -Wformat -Werror=format-security -Wmissing-declarations -Wmissing-prototypes -Wstrict-prototypes -Wundef -Winit-self -Wpointer-arith -Wshadow -Wsign-promo -Wuninitialized -Winit-self -Winconsistent-missing-override -Wno-narrowing -Wno-delete-non-virtual-dtor -Wno-unnamed-type-template-args -Wno-comment -Wno-implicit-fallthrough -fdiagnostics-show-option -pthread -Qunused-arguments -ffunction-sections -fdata-sections  -fvisibility=hidden -fvisibility-inlines-hidden -s ERROR_ON_UNDEFINED_SYMBOLS=1 -DNDEBUG -O2 -fPIE   -o CMakeFiles/cmTC_4b514.dir/OFF64_T.c.o   -c /home/lefti/workplace/build_js/CMakeFiles/CheckTypeSize/OFF64_T.c
/home/lefti/workplace/build_js/CMakeFiles/CheckTypeSize/OFF64_T.c:19:12: error: use of undeclared identifier 'off64_t'
  ('0' + ((SIZE / 10000)%10)),
           ^
/home/lefti/workplace/build_js/CMakeFiles/CheckTypeSize/OFF64_T.c:17:22: note: expanded from macro 'SIZE'
#define SIZE (sizeof(off64_t))
                     ^
/home/lefti/workplace/build_js/CMakeFiles/CheckTypeSize/OFF64_T.c:20:12: error: use of undeclared identifier 'off64_t'
  ('0' + ((SIZE / 1000)%10)),
           ^
/home/lefti/workplace/build_js/CMakeFiles/CheckTypeSize/OFF64_T.c:17:22: note: expanded from macro 'SIZE'
#define SIZE (sizeof(off64_t))
                     ^
/home/lefti/workplace/build_js/CMakeFiles/CheckTypeSize/OFF64_T.c:21:12: error: use of undeclared identifier 'off64_t'
  ('0' + ((SIZE / 100)%10)),
           ^
/home/lefti/workplace/build_js/CMakeFiles/CheckTypeSize/OFF64_T.c:17:22: note: expanded from macro 'SIZE'
#define SIZE (sizeof(off64_t))
                     ^
/home/lefti/workplace/build_js/CMakeFiles/CheckTypeSize/OFF64_T.c:22:12: error: use of undeclared identifier 'off64_t'
  ('0' + ((SIZE / 10)%10)),
           ^
/home/lefti/workplace/build_js/CMakeFiles/CheckTypeSize/OFF64_T.c:17:22: note: expanded from macro 'SIZE'
#define SIZE (sizeof(off64_t))
                     ^
/home/lefti/workplace/build_js/CMakeFiles/CheckTypeSize/OFF64_T.c:23:12: error: use of undeclared identifier 'off64_t'
  ('0' +  (SIZE    % 10)),
           ^
/home/lefti/workplace/build_js/CMakeFiles/CheckTypeSize/OFF64_T.c:17:22: note: expanded from macro 'SIZE'
#define SIZE (sizeof(off64_t))
                     ^
/home/lefti/workplace/build_js/CMakeFiles/CheckTypeSize/OFF64_T.c:39:10: error: use of undeclared identifier 'off64_t'
  return SIZE;
         ^
/home/lefti/workplace/build_js/CMakeFiles/CheckTypeSize/OFF64_T.c:17:22: note: expanded from macro 'SIZE'
#define SIZE (sizeof(off64_t))
                     ^
6 errors generated.
ERROR:root:compiler frontend failed to generate LLVM bitcode, halting
CMakeFiles/cmTC_4b514.dir/build.make:65: 'CMakeFiles/cmTC_4b514.dir/OFF64_T.c.o' 타겟에 대한 명령이 실패했습니다
make[1]: *** [CMakeFiles/cmTC_4b514.dir/OFF64_T.c.o] 오류 1
make[1]: 디렉터리 '/home/lefti/workplace/build_js/CMakeFiles/CMakeTmp' 나감
Makefile:126: 'cmTC_4b514/fast' 타겟에 대한 명령이 실패했습니다
make: *** [cmTC_4b514/fast] 오류 2

/home/lefti/workplace/build_js/CMakeFiles/CheckTypeSize/OFF64_T.c:
#include <sys/types.h>
#include <stdint.h>
#include <stddef.h>


#undef KEY
#if defined(__i386)
# define KEY '_','_','i','3','8','6'
#elif defined(__x86_64)
# define KEY '_','_','x','8','6','_','6','4'
#elif defined(__ppc__)
# define KEY '_','_','p','p','c','_','_'
#elif defined(__ppc64__)
# define KEY '_','_','p','p','c','6','4','_','_'
#endif

#define SIZE (sizeof(off64_t))
char info_size[] =  {'I', 'N', 'F', 'O', ':', 's','i','z','e','[',
  ('0' + ((SIZE / 10000)%10)),
  ('0' + ((SIZE / 1000)%10)),
  ('0' + ((SIZE / 100)%10)),
  ('0' + ((SIZE / 10)%10)),
  ('0' +  (SIZE    % 10)),
  ']',
#ifdef KEY
  ' ','k','e','y','[', KEY, ']',
#endif
  '\0'};

#ifdef __CLASSIC_C__
int main(argc, argv) int argc; char *argv[];
#else
int main(int argc, char *argv[])
#endif
{
  int require = 0;
  require += info_size[argc];
  (void)argv;
  return SIZE;
}


Build output check failed:
    Regex: 'unknown .*option'
    Output line: 'warning: unknown warning option '-Wno-enum-compare-switch', did you mean '-Wno-enum-compare'? [-Wunknown-warning-option]'
Compilation failed:
    source file: '/home/lefti/workplace/build_js/CMakeFiles/CMakeTmp/src.cxx'
    check option: ' -Wno-enum-compare-switch'
===== BUILD LOG =====
Change Dir: /home/lefti/workplace/build_js/CMakeFiles/CMakeTmp

Run Build Command:"/usr/bin/make" "cmTC_9dee3/fast"
/usr/bin/make -f CMakeFiles/cmTC_9dee3.dir/build.make CMakeFiles/cmTC_9dee3.dir/build
make[1]: 디렉터리 '/home/lefti/workplace/build_js/CMakeFiles/CMakeTmp' 들어감
Building CXX object CMakeFiles/cmTC_9dee3.dir/src.cxx.o
/home/lefti/workplace/emsdk/emscripten/1.37.37/em++     -fsigned-char -W -Wall -Werror=return-type -Werror=non-virtual-dtor -Werror=address -Werror=sequence-point -Wformat -Werror=format-security   -Wstrict-prototypes  -Winit-self -Wpointer-arith   -Wuninitialized -Winit-self -Winconsistent-missing-override -Wno-narrowing -Wno-delete-non-virtual-dtor -Wno-unnamed-type-template-args -Wno-comment -Wno-implicit-fallthrough -fdiagnostics-show-option -pthread -Qunused-arguments -ffunction-sections -fdata-sections  -fvisibility=hidden -fvisibility-inlines-hidden -Wno-deprecated -Wno-missing-prototypes -Wno-missing-declarations -Wno-shadow -Wno-unused-parameter -Wno-unused-local-typedefs -Wno-sign-compare -Wno-sign-promo -Wno-undef -Wno-tautological-undefined-compare -Wno-ignored-qualifiers -Wno-extra -Wno-unused-function -Wno-unused-const-variable -Wno-shorten-64-to-32 -Wno-invalid-offsetof  -DNDEBUG -O2 -fPIE   -Wno-enum-compare-switch -o CMakeFiles/cmTC_9dee3.dir/src.cxx.o -c /home/lefti/workplace/build_js/CMakeFiles/CMakeTmp/src.cxx
warning: unknown warning option '-Wno-enum-compare-switch'; did you mean '-Wno-enum-compare'? [-Wunknown-warning-option]
/home/lefti/workplace/build_js/CMakeFiles/CMakeTmp/src.cxx:1:8: warning: unknown pragma ignored [-Wunknown-pragmas]
#pragma
       ^
2 warnings generated.
Linking CXX executable cmTC_9dee3.js
/usr/local/bin/cmake -E cmake_link_script CMakeFiles/cmTC_9dee3.dir/link.txt --verbose=1
/home/lefti/workplace/emsdk/emscripten/1.37.37/em++      -fsigned-char -W -Wall -Werror=return-type -Werror=non-virtual-dtor -Werror=address -Werror=sequence-point -Wformat -Werror=format-security   -Wstrict-prototypes  -Winit-self -Wpointer-arith   -Wuninitialized -Winit-self -Winconsistent-missing-override -Wno-narrowing -Wno-delete-non-virtual-dtor -Wno-unnamed-type-template-args -Wno-comment -Wno-implicit-fallthrough -fdiagnostics-show-option -pthread -Qunused-arguments -ffunction-sections -fdata-sections  -fvisibility=hidden -fvisibility-inlines-hidden -Wno-deprecated -Wno-missing-prototypes -Wno-missing-declarations -Wno-shadow -Wno-unused-parameter -Wno-unused-local-typedefs -Wno-sign-compare -Wno-sign-promo -Wno-undef -Wno-tautological-undefined-compare -Wno-ignored-qualifiers -Wno-extra -Wno-unused-function -Wno-unused-const-variable -Wno-shorten-64-to-32 -Wno-invalid-offsetof  -DNDEBUG -O2    -Wl,--gc-sections  -O2 @CMakeFiles/cmTC_9dee3.dir/objects1.rsp  -o cmTC_9dee3.js 
make[1]: 디렉터리 '/home/lefti/workplace/build_js/CMakeFiles/CMakeTmp' 나감

===== END =====

Build output check failed:
    Regex: 'unknown .*option'
    Output line: 'warning: unknown warning option '-Wno-suggest-override', did you mean '-Wno-shift-overflow'? [-Wunknown-warning-option]'
Compilation failed:
    source file: '/home/lefti/workplace/build_js/CMakeFiles/CMakeTmp/src.cxx'
    check option: ' -Wno-suggest-override'
===== BUILD LOG =====
Change Dir: /home/lefti/workplace/build_js/CMakeFiles/CMakeTmp

Run Build Command:"/usr/bin/make" "cmTC_823a0/fast"
/usr/bin/make -f CMakeFiles/cmTC_823a0.dir/build.make CMakeFiles/cmTC_823a0.dir/build
make[1]: 디렉터리 '/home/lefti/workplace/build_js/CMakeFiles/CMakeTmp' 들어감
Building CXX object CMakeFiles/cmTC_823a0.dir/src.cxx.o
/home/lefti/workplace/emsdk/emscripten/1.37.37/em++     -fsigned-char -W -Wall -Werror=return-type -Werror=non-virtual-dtor -Werror=address -Werror=sequence-point -Wformat -Werror=format-security   -Wstrict-prototypes  -Winit-self -Wpointer-arith   -Wuninitialized -Winit-self -Winconsistent-missing-override -Wno-narrowing -Wno-delete-non-virtual-dtor -Wno-unnamed-type-template-args -Wno-comment -Wno-implicit-fallthrough -fdiagnostics-show-option -pthread -Qunused-arguments -ffunction-sections -fdata-sections  -fvisibility=hidden -fvisibility-inlines-hidden -Wno-deprecated -Wno-missing-prototypes -Wno-missing-declarations -Wno-shadow -Wno-unused-parameter -Wno-unused-local-typedefs -Wno-sign-compare -Wno-sign-promo -Wno-undef -Wno-tautological-undefined-compare -Wno-ignored-qualifiers -Wno-extra -Wno-unused-function -Wno-unused-const-variable -Wno-shorten-64-to-32 -Wno-invalid-offsetof  -DNDEBUG -O2 -fPIE   -Wno-suggest-override -o CMakeFiles/cmTC_823a0.dir/src.cxx.o -c /home/lefti/workplace/build_js/CMakeFiles/CMakeTmp/src.cxx
warning: unknown warning option '-Wno-suggest-override'; did you mean '-Wno-shift-overflow'? [-Wunknown-warning-option]
/home/lefti/workplace/build_js/CMakeFiles/CMakeTmp/src.cxx:1:8: warning: unknown pragma ignored [-Wunknown-pragmas]
#pragma
       ^
2 warnings generated.
Linking CXX executable cmTC_823a0.js
/usr/local/bin/cmake -E cmake_link_script CMakeFiles/cmTC_823a0.dir/link.txt --verbose=1
/home/lefti/workplace/emsdk/emscripten/1.37.37/em++      -fsigned-char -W -Wall -Werror=return-type -Werror=non-virtual-dtor -Werror=address -Werror=sequence-point -Wformat -Werror=format-security   -Wstrict-prototypes  -Winit-self -Wpointer-arith   -Wuninitialized -Winit-self -Winconsistent-missing-override -Wno-narrowing -Wno-delete-non-virtual-dtor -Wno-unnamed-type-template-args -Wno-comment -Wno-implicit-fallthrough -fdiagnostics-show-option -pthread -Qunused-arguments -ffunction-sections -fdata-sections  -fvisibility=hidden -fvisibility-inlines-hidden -Wno-deprecated -Wno-missing-prototypes -Wno-missing-declarations -Wno-shadow -Wno-unused-parameter -Wno-unused-local-typedefs -Wno-sign-compare -Wno-sign-promo -Wno-undef -Wno-tautological-undefined-compare -Wno-ignored-qualifiers -Wno-extra -Wno-unused-function -Wno-unused-const-variable -Wno-shorten-64-to-32 -Wno-invalid-offsetof  -DNDEBUG -O2    -Wl,--gc-sections  -O2 @CMakeFiles/cmTC_823a0.dir/objects1.rsp  -o cmTC_823a0.js 
make[1]: 디렉터리 '/home/lefti/workplace/build_js/CMakeFiles/CMakeTmp' 나감

===== END =====

Build output check failed:
    Regex: 'unknown .*option'
    Output line: 'warning: unknown warning option '-Wno-maybe-uninitialized', did you mean '-Wno-uninitialized'? [-Wunknown-warning-option]'
Compilation failed:
    source file: '/home/lefti/workplace/build_js/CMakeFiles/CMakeTmp/src.cxx'
    check option: ' -Wno-maybe-uninitialized'
===== BUILD LOG =====
Change Dir: /home/lefti/workplace/build_js/CMakeFiles/CMakeTmp

Run Build Command:"/usr/bin/make" "cmTC_90210/fast"
/usr/bin/make -f CMakeFiles/cmTC_90210.dir/build.make CMakeFiles/cmTC_90210.dir/build
make[1]: 디렉터리 '/home/lefti/workplace/build_js/CMakeFiles/CMakeTmp' 들어감
Building CXX object CMakeFiles/cmTC_90210.dir/src.cxx.o
/home/lefti/workplace/emsdk/emscripten/1.37.37/em++     -fsigned-char -W -Wall -Werror=return-type -Werror=non-virtual-dtor -Werror=address -Werror=sequence-point -Wformat -Werror=format-security -Wmissing-declarations -Wmissing-prototypes -Wstrict-prototypes -Wundef -Winit-self -Wpointer-arith -Wshadow -Wsign-promo -Wuninitialized -Winit-self -Winconsistent-missing-override -Wno-narrowing -Wno-delete-non-virtual-dtor -Wno-unnamed-type-template-args -Wno-comment -Wno-implicit-fallthrough -fdiagnostics-show-option -pthread -Qunused-arguments -ffunction-sections -fdata-sections  -fvisibility=hidden -fvisibility-inlines-hidden -Wno-shadow -Wno-parentheses  -DNDEBUG -O2 -fPIE   -Wno-maybe-uninitialized -o CMakeFiles/cmTC_90210.dir/src.cxx.o -c /home/lefti/workplace/build_js/CMakeFiles/CMakeTmp/src.cxx
warning: unknown warning option '-Wno-maybe-uninitialized'; did you mean '-Wno-uninitialized'? [-Wunknown-warning-option]
/home/lefti/workplace/build_js/CMakeFiles/CMakeTmp/src.cxx:1:8: warning: unknown pragma ignored [-Wunknown-pragmas]
#pragma
       ^
2 warnings generated.
Linking CXX executable cmTC_90210.js
/usr/local/bin/cmake -E cmake_link_script CMakeFiles/cmTC_90210.dir/link.txt --verbose=1
/home/lefti/workplace/emsdk/emscripten/1.37.37/em++      -fsigned-char -W -Wall -Werror=return-type -Werror=non-virtual-dtor -Werror=address -Werror=sequence-point -Wformat -Werror=format-security -Wmissing-declarations -Wmissing-prototypes -Wstrict-prototypes -Wundef -Winit-self -Wpointer-arith -Wshadow -Wsign-promo -Wuninitialized -Winit-self -Winconsistent-missing-override -Wno-narrowing -Wno-delete-non-virtual-dtor -Wno-unnamed-type-template-args -Wno-comment -Wno-implicit-fallthrough -fdiagnostics-show-option -pthread -Qunused-arguments -ffunction-sections -fdata-sections  -fvisibility=hidden -fvisibility-inlines-hidden -Wno-shadow -Wno-parentheses  -DNDEBUG -O2    -Wl,--gc-sections  -O2 @CMakeFiles/cmTC_90210.dir/objects1.rsp  -o cmTC_90210.js 
make[1]: 디렉터리 '/home/lefti/workplace/build_js/CMakeFiles/CMakeTmp' 나감

===== END =====

